#
# There is insufficient memory for the Java Runtime Environment to continue.
# Native memory allocation (malloc) failed to allocate 280128 bytes for Chunk::new
# Possible reasons:
#   The system is out of physical RAM or swap space
#   In 32 bit mode, the process size limit was hit
# Possible solutions:
#   Reduce memory load on the system
#   Increase physical memory or swap space
#   Check if swap backing store is full
#   Use 64 bit Java on a 64 bit OS
#   Decrease Java heap size (-Xmx/-Xms)
#   Decrease number of Java threads
#   Decrease Java thread stack sizes (-Xss)
#   Set larger code cache with -XX:ReservedCodeCacheSize=
# This output file may be truncated or incomplete.
#
#  Out of Memory Error (allocation.cpp:390), pid=1168, tid=5260
#
# JRE version: Java(TM) SE Runtime Environment (8.0_91-b14) (build 1.8.0_91-b14)
# Java VM: Java HotSpot(TM) 64-Bit Server VM (25.91-b14 mixed mode windows-amd64 compressed oops)
# Failed to write core dump. Minidumps are not enabled by default on client versions of Windows
#

---------------  T H R E A D  ---------------

Current thread (0x0000000056019800):  JavaThread "C2 CompilerThread0" daemon [_thread_in_native, id=5260, stack(0x00000000568f0000,0x00000000569f0000)]

Stack: [0x00000000568f0000,0x00000000569f0000]
[error occurred during error reporting (printing stack bounds), id 0xc0000005]

Native frames: (J=compiled Java code, j=interpreted, Vv=VM code, C=native code)


Current CompileTask:
C2:  44545 1502   !   4       com.android.dx.cf.code.BytecodeArray::parseInstruction (2764 bytes)


---------------  P R O C E S S  ---------------

Java Threads: ( => current thread )
  0x000000005614d000 JavaThread "pool-2-thread-4" [_thread_blocked, id=7460, stack(0x0000000057490000,0x0000000057590000)]
  0x000000005614c800 JavaThread "pool-2-thread-3" [_thread_blocked, id=6728, stack(0x0000000056a20000,0x0000000056b20000)]
  0x0000000056149800 JavaThread "pool-2-thread-2" [_thread_blocked, id=5600, stack(0x0000000057280000,0x0000000057380000)]
  0x0000000056146000 JavaThread "pool-3-thread-1" [_thread_blocked, id=6320, stack(0x0000000056ff0000,0x00000000570f0000)]
  0x0000000056231000 JavaThread "pool-2-thread-1" [_thread_blocked, id=4584, stack(0x00000000570f0000,0x00000000571f0000)]
  0x0000000056087000 JavaThread "Service Thread" daemon [_thread_blocked, id=5764, stack(0x0000000056ce0000,0x0000000056de0000)]
  0x0000000054c6f000 JavaThread "C1 CompilerThread2" daemon [_thread_blocked, id=3768, stack(0x0000000056b40000,0x0000000056c40000)]
  0x0000000054c66000 JavaThread "C2 CompilerThread1" daemon [_thread_in_native, id=7848, stack(0x0000000056680000,0x0000000056780000)]
=>0x0000000056019800 JavaThread "C2 CompilerThread0" daemon [_thread_in_native, id=5260, stack(0x00000000568f0000,0x00000000569f0000)]
  0x0000000056012800 JavaThread "Attach Listener" daemon [_thread_blocked, id=8004, stack(0x00000000567e0000,0x00000000568e0000)]
  0x0000000054c64800 JavaThread "Signal Dispatcher" daemon [_thread_blocked, id=6748, stack(0x0000000056570000,0x0000000056670000)]
  0x0000000054c4e000 JavaThread "Finalizer" daemon [_thread_blocked, id=8160, stack(0x0000000055f10000,0x0000000056010000)]
  0x0000000054c07000 JavaThread "Reference Handler" daemon [_thread_blocked, id=2120, stack(0x0000000055c90000,0x0000000055d90000)]
  0x00000000003be800 JavaThread "main" [_thread_in_native, id=7508, stack(0x0000000002080000,0x0000000002180000)]

Other Threads:
  0x0000000054bff800 VMThread [stack: 0x0000000055b70000,0x0000000055c70000] [id=800]
  0x0000000056090000 WatcherThread [stack: 0x0000000056ef0000,0x0000000056ff0000] [id=3760]

VM state:not at safepoint (normal execution)

VM Mutex/Monitor currently owned by a thread: None

Heap:
 PSYoungGen      total 20992K, used 18691K [0x00000000eab00000, 0x00000000ec300000, 0x0000000100000000)
  eden space 17408K, 86% used [0x00000000eab00000,0x00000000eb9c65c8,0x00000000ebc00000)
  from space 3584K, 99% used [0x00000000ebf80000,0x00000000ec2fa800,0x00000000ec300000)
  to   space 3584K, 0% used [0x00000000ebc00000,0x00000000ebc00000,0x00000000ebf80000)
 ParOldGen       total 22016K, used 9456K [0x00000000c0000000, 0x00000000c1580000, 0x00000000eab00000)
  object space 22016K, 42% used [0x00000000c0000000,0x00000000c093c090,0x00000000c1580000)
 Metaspace       used 6224K, capacity 7090K, committed 7296K, reserved 1056768K
  class space    used 603K, capacity 618K, committed 640K, reserved 1048576K

Card table byte_map: [0x0000000011810000,0x0000000011a20000] byte_map_base: 0x0000000011210000

Marking Bits: (ParMarkBitMap*) 0x000000006bfb2f70
 Begin Bits: [0x0000000012070000, 0x0000000013070000)
 End Bits:   [0x0000000013070000, 0x0000000014070000)

Polling page: 0x0000000000310000

CodeCache: size=245760Kb used=6575Kb max_used=6575Kb free=239184Kb
 bounds [0x0000000002450000, 0x0000000002ad0000, 0x0000000011450000]
 total_blobs=1871 nmethods=1602 adapters=182
 compilation: enabled

Compilation events (10 events):
Event: 41.604 Thread 0x0000000054c6f000 1559       2       com.android.dx.ssa.back.FirstFitLocalCombiningAllocator$Multiset::<init> (24 bytes)
Event: 41.604 Thread 0x0000000054c6f000 nmethod 1559 0x0000000002aaa550 code [0x0000000002aaa6a0, 0x0000000002aaa930]
Event: 41.612 Thread 0x0000000054c6f000 1564       2       com.android.dx.ssa.LiteralOpUpgrader::isConstIntZeroOrKnownNull (34 bytes)
Event: 41.612 Thread 0x0000000054c6f000 nmethod 1564 0x0000000002aaaa10 code [0x0000000002aaab80, 0x0000000002aaad88]
Event: 41.614 Thread 0x0000000054c6f000 1565       2       java.util.Collections$UnmodifiableList::get (11 bytes)
Event: 41.614 Thread 0x0000000054c6f000 nmethod 1565 0x0000000002aaae90 code [0x0000000002aab000, 0x0000000002aab188]
Event: 41.615 Thread 0x0000000054c6f000 1566       2       com.android.dx.ssa.SsaRenamer::<init> (100 bytes)
Event: 41.616 Thread 0x0000000054c6f000 nmethod 1566 0x0000000002aab210 code [0x0000000002aab3a0, 0x0000000002aab8c8]
Event: 41.619 Thread 0x0000000054c6f000 1568       2       com.android.dx.rop.code.CstInsn::contentEquals (31 bytes)
Event: 41.619 Thread 0x0000000054c6f000 nmethod 1568 0x0000000002aabbd0 code [0x0000000002aabd40, 0x0000000002aabf58]

GC Heap History (10 events):
Event: 34.833 GC heap before
{Heap before GC invocations=3 (full 0):
 PSYoungGen      total 9728K, used 9722K [0x00000000eab00000, 0x00000000eb580000, 0x0000000100000000)
  eden space 8704K, 100% used [0x00000000eab00000,0x00000000eb380000,0x00000000eb380000)
  from space 1024K, 99% used [0x00000000eb480000,0x00000000eb57ea80,0x00000000eb580000)
  to   space 1024K, 0% used [0x00000000eb380000,0x00000000eb380000,0x00000000eb480000)
 ParOldGen       total 22016K, used 501K [0x00000000c0000000, 0x00000000c1580000, 0x00000000eab00000)
  object space 22016K, 2% used [0x00000000c0000000,0x00000000c007d788,0x00000000c1580000)
 Metaspace       used 5726K, capacity 6640K, committed 6784K, reserved 1056768K
  class space    used 599K, capacity 616K, committed 640K, reserved 1048576K
Event: 34.858 GC heap after
Heap after GC invocations=3 (full 0):
 PSYoungGen      total 9728K, used 992K [0x00000000eab00000, 0x00000000eb580000, 0x0000000100000000)
  eden space 8704K, 0% used [0x00000000eab00000,0x00000000eab00000,0x00000000eb380000)
  from space 1024K, 96% used [0x00000000eb380000,0x00000000eb478020,0x00000000eb480000)
  to   space 1024K, 0% used [0x00000000eb480000,0x00000000eb480000,0x00000000eb580000)
 ParOldGen       total 22016K, used 2656K [0x00000000c0000000, 0x00000000c1580000, 0x00000000eab00000)
  object space 22016K, 12% used [0x00000000c0000000,0x00000000c0298360,0x00000000c1580000)
 Metaspace       used 5726K, capacity 6640K, committed 6784K, reserved 1056768K
  class space    used 599K, capacity 616K, committed 640K, reserved 1048576K
}
Event: 36.636 GC heap before
{Heap before GC invocations=4 (full 0):
 PSYoungGen      total 9728K, used 9696K [0x00000000eab00000, 0x00000000eb580000, 0x0000000100000000)
  eden space 8704K, 100% used [0x00000000eab00000,0x00000000eb380000,0x00000000eb380000)
  from space 1024K, 96% used [0x00000000eb380000,0x00000000eb478020,0x00000000eb480000)
  to   space 1024K, 0% used [0x00000000eb480000,0x00000000eb480000,0x00000000eb580000)
 ParOldGen       total 22016K, used 2656K [0x00000000c0000000, 0x00000000c1580000, 0x00000000eab00000)
  object space 22016K, 12% used [0x00000000c0000000,0x00000000c0298360,0x00000000c1580000)
 Metaspace       used 5988K, capacity 6896K, committed 7040K, reserved 1056768K
  class space    used 601K, capacity 616K, committed 640K, reserved 1048576K
Event: 36.660 GC heap after
Heap after GC invocations=4 (full 0):
 PSYoungGen      total 9728K, used 995K [0x00000000eab00000, 0x00000000eb580000, 0x0000000100000000)
  eden space 8704K, 0% used [0x00000000eab00000,0x00000000eab00000,0x00000000eb380000)
  from space 1024K, 97% used [0x00000000eb480000,0x00000000eb578c90,0x00000000eb580000)
  to   space 1024K, 0% used [0x00000000eb380000,0x00000000eb380000,0x00000000eb480000)
 ParOldGen       total 22016K, used 4406K [0x00000000c0000000, 0x00000000c1580000, 0x00000000eab00000)
  object space 22016K, 20% used [0x00000000c0000000,0x00000000c044db70,0x00000000c1580000)
 Metaspace       used 5988K, capacity 6896K, committed 7040K, reserved 1056768K
  class space    used 601K, capacity 616K, committed 640K, reserved 1048576K
}
Event: 36.779 GC heap before
{Heap before GC invocations=5 (full 0):
 PSYoungGen      total 9728K, used 9699K [0x00000000eab00000, 0x00000000eb580000, 0x0000000100000000)
  eden space 8704K, 100% used [0x00000000eab00000,0x00000000eb380000,0x00000000eb380000)
  from space 1024K, 97% used [0x00000000eb480000,0x00000000eb578c90,0x00000000eb580000)
  to   space 1024K, 0% used [0x00000000eb380000,0x00000000eb380000,0x00000000eb480000)
 ParOldGen       total 22016K, used 4406K [0x00000000c0000000, 0x00000000c1580000, 0x00000000eab00000)
  object space 22016K, 20% used [0x00000000c0000000,0x00000000c044db70,0x00000000c1580000)
 Metaspace       used 6058K, capacity 6960K, committed 7040K, reserved 1056768K
  class space    used 601K, capacity 616K, committed 640K, reserved 1048576K
Event: 36.796 GC heap after
Heap after GC invocations=5 (full 0):
 PSYoungGen      total 9728K, used 995K [0x00000000eab00000, 0x00000000ec300000, 0x0000000100000000)
  eden space 8704K, 0% used [0x00000000eab00000,0x00000000eab00000,0x00000000eb380000)
  from space 1024K, 97% used [0x00000000eb380000,0x00000000eb478c70,0x00000000eb480000)
  to   space 3584K, 0% used [0x00000000ebf80000,0x00000000ebf80000,0x00000000ec300000)
 ParOldGen       total 22016K, used 5568K [0x00000000c0000000, 0x00000000c1580000, 0x00000000eab00000)
  object space 22016K, 25% used [0x00000000c0000000,0x00000000c05701a8,0x00000000c1580000)
 Metaspace       used 6058K, capacity 6960K, committed 7040K, reserved 1056768K
  class space    used 601K, capacity 616K, committed 640K, reserved 1048576K
}
Event: 37.445 GC heap before
{Heap before GC invocations=6 (full 0):
 PSYoungGen      total 9728K, used 9699K [0x00000000eab00000, 0x00000000ec300000, 0x0000000100000000)
  eden space 8704K, 100% used [0x00000000eab00000,0x00000000eb380000,0x00000000eb380000)
  from space 1024K, 97% used [0x00000000eb380000,0x00000000eb478c70,0x00000000eb480000)
  to   space 3584K, 0% used [0x00000000ebf80000,0x00000000ebf80000,0x00000000ec300000)
 ParOldGen       total 22016K, used 5568K [0x00000000c0000000, 0x00000000c1580000, 0x00000000eab00000)
  object space 22016K, 25% used [0x00000000c0000000,0x00000000c05701a8,0x00000000c1580000)
 Metaspace       used 6102K, capacity 6962K, committed 7040K, reserved 1056768K
  class space    used 603K, capacity 618K, committed 640K, reserved 1048576K
Event: 37.479 GC heap after
Heap after GC invocations=6 (full 0):
 PSYoungGen      total 20992K, used 2544K [0x00000000eab00000, 0x00000000ec300000, 0x0000000100000000)
  eden space 17408K, 0% used [0x00000000eab00000,0x00000000eab00000,0x00000000ebc00000)
  from space 3584K, 70% used [0x00000000ebf80000,0x00000000ec1fc1c0,0x00000000ec300000)
  to   space 3584K, 0% used [0x00000000ebc00000,0x00000000ebc00000,0x00000000ebf80000)
 ParOldGen       total 22016K, used 5576K [0x00000000c0000000, 0x00000000c1580000, 0x00000000eab00000)
  object space 22016K, 25% used [0x00000000c0000000,0x00000000c05721a8,0x00000000c1580000)
 Metaspace       used 6102K, capacity 6962K, committed 7040K, reserved 1056768K
  class space    used 603K, capacity 618K, committed 640K, reserved 1048576K
}
Event: 38.408 GC heap before
{Heap before GC invocations=7 (full 0):
 PSYoungGen      total 20992K, used 19952K [0x00000000eab00000, 0x00000000ec300000, 0x0000000100000000)
  eden space 17408K, 100% used [0x00000000eab00000,0x00000000ebc00000,0x00000000ebc00000)
  from space 3584K, 70% used [0x00000000ebf80000,0x00000000ec1fc1c0,0x00000000ec300000)
  to   space 3584K, 0% used [0x00000000ebc00000,0x00000000ebc00000,0x00000000ebf80000)
 ParOldGen       total 22016K, used 5576K [0x00000000c0000000, 0x00000000c1580000, 0x00000000eab00000)
  object space 22016K, 25% used [0x00000000c0000000,0x00000000c05721a8,0x00000000c1580000)
 Metaspace       used 6186K, capacity 7026K, committed 7296K, reserved 1056768K
  class space    used 603K, capacity 618K, committed 640K, reserved 1048576K
Event: 39.425 GC heap after
Heap after GC invocations=7 (full 0):
 PSYoungGen      total 20992K, used 3573K [0x00000000eab00000, 0x00000000ec300000, 0x0000000100000000)
  eden space 17408K, 0% used [0x00000000eab00000,0x00000000eab00000,0x00000000ebc00000)
  from space 3584K, 99% used [0x00000000ebc00000,0x00000000ebf7d430,0x00000000ebf80000)
  to   space 3584K, 0% used [0x00000000ebf80000,0x00000000ebf80000,0x00000000ec300000)
 ParOldGen       total 22016K, used 7066K [0x00000000c0000000, 0x00000000c1580000, 0x00000000eab00000)
  object space 22016K, 32% used [0x00000000c0000000,0x00000000c06e68c0,0x00000000c1580000)
 Metaspace       used 6186K, capacity 7026K, committed 7296K, reserved 1056768K
  class space    used 603K, capacity 618K, committed 640K, reserved 1048576K
}

Deoptimization events (10 events):
Event: 37.001 Thread 0x000000005614c800 Uncommon trap: reason=class_check action=maybe_recompile pc=0x00000000027ed990 method=com.android.dx.rop.type.Type.equals(Ljava/lang/Object;)Z @ 8
Event: 37.001 Thread 0x000000005614c800 Uncommon trap: reason=null_check action=make_not_entrant pc=0x00000000027ed9a0 method=com.android.dx.rop.type.Type.equals(Ljava/lang/Object;)Z @ 8
Event: 37.405 Thread 0x000000005614c800 Uncommon trap: reason=unstable_if action=reinterpret pc=0x000000000291f5e8 method=com.android.dx.cf.code.Ropper.labelToResultIndex(I)I @ 34
Event: 38.081 Thread 0x000000005614d000 Uncommon trap: reason=bimorphic action=maybe_recompile pc=0x0000000002979f00 method=com.android.dx.cf.code.BytecodeArray.parseInstruction(ILcom/android/dx/cf/code/BytecodeArray$Visitor;)I @ 2484
Event: 38.081 Thread 0x000000005614d000 Uncommon trap: reason=bimorphic action=maybe_recompile pc=0x0000000002979f00 method=com.android.dx.cf.code.BytecodeArray.parseInstruction(ILcom/android/dx/cf/code/BytecodeArray$Visitor;)I @ 2484
Event: 38.126 Thread 0x000000005614d000 Uncommon trap: reason=unstable_if action=reinterpret pc=0x0000000002a12730 method=com.android.dx.ssa.LocalVariableExtractor.processBlock(I)V @ 77
Event: 38.139 Thread 0x000000005614d000 Uncommon trap: reason=unstable_if action=reinterpret pc=0x00000000028bc82c method=com.android.dx.util.IntList.binarysearch(I)I @ 105
Event: 38.145 Thread 0x000000005614d000 Uncommon trap: reason=unstable_if action=reinterpret pc=0x000000000298a1f4 method=com.android.dx.ssa.SCCP.simulateStmt(Lcom/android/dx/ssa/SsaInsn;)V @ 59
Event: 41.584 Thread 0x000000005614c800 Uncommon trap: reason=bimorphic action=maybe_recompile pc=0x00000000029e268c method=com.android.dx.ssa.LiteralOpUpgrader.tryReplacingWithConstant(Lcom/android/dx/ssa/NormalSsaInsn;)Z @ 52
Event: 41.595 Thread 0x000000005614c800 Uncommon trap: reason=unstable_if action=reinterpret pc=0x0000000002a8cee0 method=com.android.dx.ssa.SsaRenamer$BlockRenamer.visitMoveInsn(Lcom/android/dx/ssa/NormalSsaInsn;)V @ 104

Internal exceptions (3 events):
Event: 7.313 Thread 0x00000000003be800 Exception <a 'java/lang/NoSuchMethodError': Method sun.misc.Unsafe.defineClass(Ljava/lang/String;[BII)Ljava/lang/Class; name or signature does not match> (0x00000000eab07cc0) thrown at [C:\re\workspace\8-2-build-windows-amd64-cygwin\jdk8u91\6644\hotspot\sr£ö¼J@@
Event: 7.313 Thread 0x00000000003be800 Exception <a 'java/lang/NoSuchMethodError': Method sun.misc.Unsafe.prefetchRead(Ljava/lang/Object;J)V name or signature does not match> (0x00000000eab07fa8) thrown at [C:\re\workspace\8-2-build-windows-amd64-cygwin\jdk8u91\6644\hotspot\src\share\vm\prims\j¢Ëä8%€B@
Event: 37.001 Thread 0x000000005614c800 Implicit null exception at 0x00000000027ed892 to 0x00000000027ed991

Events (10 events):
Event: 41.584 Thread 0x000000005614c800 DEOPT PACKING pc=0x00000000029e268c sp=0x0000000056b1e7c0
Event: 41.584 Thread 0x000000005614c800 DEOPT UNPACKING pc=0x000000000249582a sp=0x0000000056b1e6a8 mode 2
Event: 41.595 Thread 0x000000005614c800 Uncommon trap: trap_request=0xffffff65 fr.pc=0x0000000002a8cee0
Event: 41.595 Thread 0x000000005614c800 DEOPT PACKING pc=0x0000000002a8cee0 sp=0x0000000056b1e6e0
Event: 41.595 Thread 0x000000005614c800 DEOPT UNPACKING pc=0x000000000249582a sp=0x0000000056b1e560 mode 2
Event: 41.599 Thread 0x000000005614c800 DEOPT PACKING pc=0x00000000027935f1 sp=0x0000000056b1e620
Event: 41.599 Thread 0x000000005614c800 DEOPT UNPACKING pc=0x000000000249787f sp=0x0000000056b1e3e8 mode 0
Event: 41.612 Thread 0x000000005614c800 DEOPT PACKING pc=0x00000000027938c3 sp=0x0000000056b1e590
Event: 41.612 Thread 0x000000005614c800 DEOPT UNPACKING pc=0x000000000249787f sp=0x0000000056b1e358 mode 0
Event: 41.631 Thread 0x000000005614c800 DEOPT PACKING pc=0x00000000027938c3 sp=0x0000000056b1e620


Dynamic libraries:
0x000000013fff0000 - 0x0000000140027000 	C:\Program Files\Java\jdk1.8.0_91\bin\java.exe
0x0000000077080000 - 0x000000007722a000 	C:\Windows\SYSTEM32\ntdll.dll
0x0000000076f60000 - 0x000000007707f000 	C:\Windows\system32\kernel32.dll
0x000007fefcdf0000 - 0x000007fefce5a000 	C:\Windows\system32\KERNELBASE.dll
0x000007fefec60000 - 0x000007fefed3b000 	C:\Windows\system32\ADVAPI32.dll
0x000007fefee20000 - 0x000007fefeebf000 	C:\Windows\system32\msvcrt.dll
0x000007fefd530000 - 0x000007fefd54f000 	C:\Windows\SYSTEM32\sechost.dll
0x000007fefe2f0000 - 0x000007fefe41d000 	C:\Windows\system32\RPCRT4.dll
0x0000000076e60000 - 0x0000000076f5a000 	C:\Windows\system32\USER32.dll
0x000007fefef10000 - 0x000007fefef77000 	C:\Windows\system32\GDI32.dll
0x000007fefd550000 - 0x000007fefd55e000 	C:\Windows\system32\LPK.dll
0x000007fefe6b0000 - 0x000007fefe77a000 	C:\Windows\system32\USP10.dll
0x000007fefa620000 - 0x000007fefa814000 	C:\Windows\WinSxS\amd64_microsoft.windows.common-controls_6595b64144ccf1df_6.0.7601.18837_none_fa3b1e3d17594757\COMCTL32.dll
0x000007fefe420000 - 0x000007fefe491000 	C:\Windows\system32\SHLWAPI.dll
0x000007fefd3f0000 - 0x000007fefd41e000 	C:\Windows\system32\IMM32.DLL
0x000007fefd420000 - 0x000007fefd529000 	C:\Windows\system32\MSCTF.dll
0x00000000734e0000 - 0x00000000735b2000 	C:\Program Files\Java\jdk1.8.0_91\jre\bin\msvcr100.dll
0x000000006b7a0000 - 0x000000006c033000 	C:\Program Files\Java\jdk1.8.0_91\jre\bin\server\jvm.dll
0x000007fef91e0000 - 0x000007fef91e9000 	C:\Windows\system32\WSOCK32.dll
0x000007fefeec0000 - 0x000007fefef0d000 	C:\Windows\system32\WS2_32.dll
0x000007fefe6a0000 - 0x000007fefe6a8000 	C:\Windows\system32\NSI.dll
0x000007fefa1d0000 - 0x000007fefa20b000 	C:\Windows\system32\WINMM.dll
0x000007fefbe60000 - 0x000007fefbe6c000 	C:\Windows\system32\VERSION.dll
0x0000000077240000 - 0x0000000077247000 	C:\Windows\system32\PSAPI.DLL
0x0000000073750000 - 0x000000007375f000 	C:\Program Files\Java\jdk1.8.0_91\jre\bin\verify.dll
0x000000006f670000 - 0x000000006f699000 	C:\Program Files\Java\jdk1.8.0_91\jre\bin\java.dll
0x0000000073670000 - 0x0000000073686000 	C:\Program Files\Java\jdk1.8.0_91\jre\bin\zip.dll
0x000007fefd560000 - 0x000007fefe2ec000 	C:\Windows\system32\SHELL32.dll
0x000007fefe780000 - 0x000007fefe983000 	C:\Windows\system32\ole32.dll
0x000007fefcdd0000 - 0x000007fefcddf000 	C:\Windows\system32\profapi.dll

VM Arguments:
jvm_args: -Djava.awt.headless=true -Xmx1024M -Dfile.encoding=windows-1252 -Duser.country=IN -Duser.language=en -Duser.variant 
java_command: com.android.dx.command.Main --dex --force-jumbo --num-threads=4 --multi-dex --output C:\Users\user\workspace\Testsamples\app\build\intermediates\transforms\dex\debug\folders\1000\10\com.android.support-support-v4-23.3.0_124073a6a5cd372098b551fc5afb0992be04ecfb C:\Users\user\workspace\Testsamples\app\build\intermediates\exploded-aar\com.android.support\support-v4\23.3.0\jars\classes.jar
java_class_path (initial): C:\Users\user\AppData\Local\Android\sdk\build-tools\24.0.1\lib\dx.jar
Launcher Type: SUN_STANDARD

Environment Variables:
JAVA_HOME=C:\Program Files\Java\jdk1.8.0_91
PATH=C:\ProgramData\Oracle\Java\javapath;C:\Program Files\Common Files\Microsoft Shared\Windows Live;C:\Program Files (x86)\Common Files\Microsoft Shared\Windows Live;C:\Program Files (x86)\Intel\iCLS Client\;C:\Program Files\Intel\iCLS Client\;C:\Windows\system32;C:\Windows;C:\Windows\System32\Wbem;C:\Windows\System32\WindowsPowerShell\v1.0\;C:\Program Files (x86)\Intel\OpenCL SDK\2.0\bin\x86;C:\Program Files (x86)\Intel\OpenCL SDK\2.0\bin\x64;C:\Program Files\Intel\Intel(R) Management Engine Components\DAL;C:\Program Files\Intel\Intel(R) Management Engine Components\IPT;C:\Program Files (x86)\Intel\Intel(R) Management Engine Components\DAL;C:\Program Files (x86)\Intel\Intel(R) Management Engine Components\IPT;C:\Program Files\Sony\VAIO Improvement\;C:\Program Files (x86)\Sony\VAIO Startup Setting Tool;C:\Program Files (x86)\Windows Live\Shared;C:\Program Files (x86)\Common Files\Adobe\AGL;C:\Program Files\Common Files\Autodesk Shared\;C:\Program Files (x86)\Autodesk\Backburner\;C:\Program Files\Microsoft\Web Platform Installer\;c:\Program Files (x86)\Microsoft SQL Server\100\Tools\Binn\;c:\Program Files\Microsoft SQL Server\100\Tools\Binn\;c:\Program Files\Microsoft SQL Server\100\DTS\Binn\;C:\Program Files (x86)\GtkSharp\2.12\bin;C:\Program Files (x86)\Common Files\lenovo\easyplussdk\bin;C:\Program Files\Git\cmd;C:\Program Files (x86)\Microsoft Visual Studio\Common\Tools\WinNT;C:\Program Files (x86)\Microsoft Visual Studio\Common\MSDev98\Bin;C:\Program Files (x86)\Microsoft Visual Studio\Common\Tools;C:\Program Files (x86)\Microsoft Visual Studio\VC98\bin
USERNAME=user
OS=Windows_NT
PROCESSOR_IDENTIFIER=Intel64 Family 6 Model 42 Stepping 7, GenuineIntel



---------------  S Y S T E M  ---------------

OS: Windows 7 , 64 bit Build 7601 (6.1.7601.23418)

CPU:total 4 (2 cores per cpu, 2 threads per core) family 6 model 42 stepping 7, cmov, cx8, fxsr, mmx, sse, sse2, sse3, ssse3, sse4.1, sse4.2, popcnt, avx, clmul, ht, tsc, tscinvbit

Memory: 4k page, physical 1995120k(60364k free), swap 5376608k(5876k free)

vm_info: Java HotSpot(TM) 64-Bit Server VM (25.91-b14) for windows-amd64 JRE (1.8.0_91-b14), built on Apr  1 2016 00:58:32 by "java_re" with MS VC++ 10.0 (VS2010)

time: Thu Aug 18 15:31:28 2016
elapsed time: 45 seconds (0d 0h 0m 45s)

